<?xml version="1.0" encoding="UTF-8"?>
<robot generator="Robot 5.0.1 (Python 3.10.6 on darwin)" generated="20220816 21:33:06.810" rpa="false" schemaversion="3">
<suite id="s1" name="PlanItTest" source="/Users/herminiodelacruz/PlanItTest">
<suite id="s1-s1" name="Suite" source="/Users/herminiodelacruz/PlanItTest/suite">
<suite id="s1-s1-s1" name="PlanitTechnicalAssessment" source="/Users/herminiodelacruz/PlanItTest/suite/PlanitTechnicalAssessment.robot">
<test id="s1-s1-s1-t1" name="Test Case 1" line="11">
<kw name="User Navigates To URL" library="common_keywords">
<arg>${BASE_URL}</arg>
<kw name="Open Browser" library="SeleniumLibrary">
<arg>${BASE_URL}</arg>
<arg>${BROWSER}</arg>
<doc>Opens a new browser instance to the optional ``url``.</doc>
<msg timestamp="20220816 21:33:06.903" level="INFO">Opening browser 'chrome' to base url 'http://jupiter.cloud.planittesting.com'.</msg>
<status status="PASS" starttime="20220816 21:33:06.903" endtime="20220816 21:33:12.622"/>
</kw>
<kw name="Go To" library="SeleniumLibrary">
<arg>${p_url}</arg>
<doc>Navigates the current browser window to the provided ``url``.</doc>
<msg timestamp="20220816 21:33:12.622" level="INFO">Opening url 'http://jupiter.cloud.planittesting.com'</msg>
<status status="PASS" starttime="20220816 21:33:12.622" endtime="20220816 21:33:12.825"/>
</kw>
<kw name="Set Selenium Speed" library="SeleniumLibrary">
<arg>0.25 seconds</arg>
<doc>Sets the delay that is waited after each Selenium command.</doc>
<status status="PASS" starttime="20220816 21:33:12.825" endtime="20220816 21:33:12.826"/>
</kw>
<status status="PASS" starttime="20220816 21:33:06.903" endtime="20220816 21:33:12.826"/>
</kw>
<kw name="User Clicks On Nav Header Text Link" library="common_keywords">
<arg>Contact</arg>
<kw name="Set Variable" library="BuiltIn">
<var>${t_locator}</var>
<arg>//div[contains(@class, "navbar")]//a[contains(text(), "${p_text}")]</arg>
<doc>Returns the given values which can then be assigned to a variables.</doc>
<msg timestamp="20220816 21:33:12.826" level="INFO">${t_locator} = //div[contains(@class, "navbar")]//a[contains(text(), "Contact")]</msg>
<status status="PASS" starttime="20220816 21:33:12.826" endtime="20220816 21:33:12.826"/>
</kw>
<kw name="Wait Until Element Is Visible" library="SeleniumLibrary">
<arg>${t_locator}</arg>
<arg>10s</arg>
<doc>Waits until the element ``locator`` is visible.</doc>
<status status="PASS" starttime="20220816 21:33:12.826" endtime="20220816 21:33:13.467"/>
</kw>
<kw name="Click Element" library="SeleniumLibrary">
<arg>${t_locator}</arg>
<doc>Click the element identified by ``locator``.</doc>
<msg timestamp="20220816 21:33:13.468" level="INFO">Clicking element '//div[contains(@class, "navbar")]//a[contains(text(), "Contact")]'.</msg>
<status status="PASS" starttime="20220816 21:33:13.467" endtime="20220816 21:33:14.171"/>
</kw>
<status status="PASS" starttime="20220816 21:33:12.826" endtime="20220816 21:33:14.171"/>
</kw>
<kw name="User Clicks On Button" library="common_keywords">
<arg>Submit</arg>
<kw name="Set Variable" library="BuiltIn">
<var>${t_locator}</var>
<arg>//*[contains(@class,"btn")][contains(text(), "${p_button}")]</arg>
<doc>Returns the given values which can then be assigned to a variables.</doc>
<msg timestamp="20220816 21:33:14.172" level="INFO">${t_locator} = //*[contains(@class,"btn")][contains(text(), "Submit")]</msg>
<status status="PASS" starttime="20220816 21:33:14.172" endtime="20220816 21:33:14.172"/>
</kw>
<kw name="Wait Until Element Is Visible" library="SeleniumLibrary">
<arg>${t_locator}</arg>
<arg>10s</arg>
<doc>Waits until the element ``locator`` is visible.</doc>
<status status="PASS" starttime="20220816 21:33:14.172" endtime="20220816 21:33:14.733"/>
</kw>
<kw name="Click Element" library="SeleniumLibrary">
<arg>${t_locator}</arg>
<doc>Click the element identified by ``locator``.</doc>
<msg timestamp="20220816 21:33:14.736" level="INFO">Clicking element '//*[contains(@class,"btn")][contains(text(), "Submit")]'.</msg>
<status status="PASS" starttime="20220816 21:33:14.733" endtime="20220816 21:33:15.687"/>
</kw>
<status status="PASS" starttime="20220816 21:33:14.172" endtime="20220816 21:33:15.687"/>
</kw>
<kw name="Field Error Message Should Be Visible" library="common_keywords">
<arg>Forename</arg>
<arg>Forename is required</arg>
<kw name="Set Variable" library="BuiltIn">
<var>${t_locator}</var>
<arg>//div[label[contains(text(), "${p_fieldName}")]]//*[contains(text(), "${p_errorMessage}")]</arg>
<doc>Returns the given values which can then be assigned to a variables.</doc>
<msg timestamp="20220816 21:33:15.688" level="INFO">${t_locator} = //div[label[contains(text(), "Forename")]]//*[contains(text(), "Forename is required")]</msg>
<status status="PASS" starttime="20220816 21:33:15.688" endtime="20220816 21:33:15.688"/>
</kw>
<kw name="Wait Until Element Is Visible" library="SeleniumLibrary">
<arg>${t_locator}</arg>
<arg>10s</arg>
<doc>Waits until the element ``locator`` is visible.</doc>
<status status="PASS" starttime="20220816 21:33:15.688" endtime="20220816 21:33:16.231"/>
</kw>
<status status="PASS" starttime="20220816 21:33:15.687" endtime="20220816 21:33:16.231"/>
</kw>
<kw name="Field Error Message Should Be Visible" library="common_keywords">
<arg>Email</arg>
<arg>Email is required</arg>
<kw name="Set Variable" library="BuiltIn">
<var>${t_locator}</var>
<arg>//div[label[contains(text(), "${p_fieldName}")]]//*[contains(text(), "${p_errorMessage}")]</arg>
<doc>Returns the given values which can then be assigned to a variables.</doc>
<msg timestamp="20220816 21:33:16.233" level="INFO">${t_locator} = //div[label[contains(text(), "Email")]]//*[contains(text(), "Email is required")]</msg>
<status status="PASS" starttime="20220816 21:33:16.233" endtime="20220816 21:33:16.234"/>
</kw>
<kw name="Wait Until Element Is Visible" library="SeleniumLibrary">
<arg>${t_locator}</arg>
<arg>10s</arg>
<doc>Waits until the element ``locator`` is visible.</doc>
<status status="PASS" starttime="20220816 21:33:16.234" endtime="20220816 21:33:16.780"/>
</kw>
<status status="PASS" starttime="20220816 21:33:16.232" endtime="20220816 21:33:16.781"/>
</kw>
<kw name="Field Error Message Should Be Visible" library="common_keywords">
<arg>Message</arg>
<arg>Message is required</arg>
<kw name="Set Variable" library="BuiltIn">
<var>${t_locator}</var>
<arg>//div[label[contains(text(), "${p_fieldName}")]]//*[contains(text(), "${p_errorMessage}")]</arg>
<doc>Returns the given values which can then be assigned to a variables.</doc>
<msg timestamp="20220816 21:33:16.784" level="INFO">${t_locator} = //div[label[contains(text(), "Message")]]//*[contains(text(), "Message is required")]</msg>
<status status="PASS" starttime="20220816 21:33:16.783" endtime="20220816 21:33:16.784"/>
</kw>
<kw name="Wait Until Element Is Visible" library="SeleniumLibrary">
<arg>${t_locator}</arg>
<arg>10s</arg>
<doc>Waits until the element ``locator`` is visible.</doc>
<status status="PASS" starttime="20220816 21:33:16.784" endtime="20220816 21:33:17.345"/>
</kw>
<status status="PASS" starttime="20220816 21:33:16.781" endtime="20220816 21:33:17.345"/>
</kw>
<kw name="User Inputs Text On Field" library="common_keywords">
<arg>Forename</arg>
<arg>test name</arg>
<kw name="Set Variable" library="BuiltIn">
<var>${t_locator}</var>
<arg>//div[label[contains(text(), "${p_fieldName}")]]//input | //div[label[contains(text(), "${p_fieldName}")]]//textarea</arg>
<doc>Returns the given values which can then be assigned to a variables.</doc>
<msg timestamp="20220816 21:33:17.346" level="INFO">${t_locator} = //div[label[contains(text(), "Forename")]]//input | //div[label[contains(text(), "Forename")]]//textarea</msg>
<status status="PASS" starttime="20220816 21:33:17.345" endtime="20220816 21:33:17.346"/>
</kw>
<kw name="Wait Until Element Is Visible" library="SeleniumLibrary">
<arg>${t_locator}</arg>
<arg>10s</arg>
<doc>Waits until the element ``locator`` is visible.</doc>
<status status="PASS" starttime="20220816 21:33:17.346" endtime="20220816 21:33:17.880"/>
</kw>
<kw name="Input Text" library="SeleniumLibrary">
<arg>${t_locator}</arg>
<arg>${p_text}</arg>
<doc>Types the given ``text`` into the text field identified by ``locator``.</doc>
<msg timestamp="20220816 21:33:17.881" level="INFO">Typing text 'test name' into text field '//div[label[contains(text(), "Forename")]]//input | //div[label[contains(text(), "Forename")]]//textarea'.</msg>
<status status="PASS" starttime="20220816 21:33:17.880" endtime="20220816 21:33:18.952"/>
</kw>
<status status="PASS" starttime="20220816 21:33:17.345" endtime="20220816 21:33:18.953"/>
</kw>
<kw name="Field Error Message Should Not Be Visible" library="common_keywords">
<arg>Forename</arg>
<arg>Forename is required</arg>
<kw name="Set Variable" library="BuiltIn">
<var>${t_locator}</var>
<arg>//div[label[contains(text(), "${p_fieldName}")]]//*[contains(text(), "${p_errorMessage}")]</arg>
<doc>Returns the given values which can then be assigned to a variables.</doc>
<msg timestamp="20220816 21:33:18.954" level="INFO">${t_locator} = //div[label[contains(text(), "Forename")]]//*[contains(text(), "Forename is required")]</msg>
<status status="PASS" starttime="20220816 21:33:18.953" endtime="20220816 21:33:18.954"/>
</kw>
<kw name="Wait Until Element Is Not Visible" library="SeleniumLibrary">
<arg>${t_locator}</arg>
<arg>10s</arg>
<doc>Waits until the element ``locator`` is not visible.</doc>
<status status="PASS" starttime="20220816 21:33:18.954" endtime="20220816 21:33:19.218"/>
</kw>
<status status="PASS" starttime="20220816 21:33:18.953" endtime="20220816 21:33:19.219"/>
</kw>
<kw name="User Inputs Text On Field" library="common_keywords">
<arg>Email</arg>
<arg>testemail@mail.com</arg>
<kw name="Set Variable" library="BuiltIn">
<var>${t_locator}</var>
<arg>//div[label[contains(text(), "${p_fieldName}")]]//input | //div[label[contains(text(), "${p_fieldName}")]]//textarea</arg>
<doc>Returns the given values which can then be assigned to a variables.</doc>
<msg timestamp="20220816 21:33:19.221" level="INFO">${t_locator} = //div[label[contains(text(), "Email")]]//input | //div[label[contains(text(), "Email")]]//textarea</msg>
<status status="PASS" starttime="20220816 21:33:19.221" endtime="20220816 21:33:19.222"/>
</kw>
<kw name="Wait Until Element Is Visible" library="SeleniumLibrary">
<arg>${t_locator}</arg>
<arg>10s</arg>
<doc>Waits until the element ``locator`` is visible.</doc>
<status status="PASS" starttime="20220816 21:33:19.222" endtime="20220816 21:33:19.769"/>
</kw>
<kw name="Input Text" library="SeleniumLibrary">
<arg>${t_locator}</arg>
<arg>${p_text}</arg>
<doc>Types the given ``text`` into the text field identified by ``locator``.</doc>
<msg timestamp="20220816 21:33:19.770" level="INFO">Typing text 'testemail@mail.com' into text field '//div[label[contains(text(), "Email")]]//input | //div[label[contains(text(), "Email")]]//textarea'.</msg>
<status status="PASS" starttime="20220816 21:33:19.769" endtime="20220816 21:33:20.712"/>
</kw>
<status status="PASS" starttime="20220816 21:33:19.220" endtime="20220816 21:33:20.712"/>
</kw>
<kw name="Field Error Message Should Not Be Visible" library="common_keywords">
<arg>Email</arg>
<arg>Email is required</arg>
<kw name="Set Variable" library="BuiltIn">
<var>${t_locator}</var>
<arg>//div[label[contains(text(), "${p_fieldName}")]]//*[contains(text(), "${p_errorMessage}")]</arg>
<doc>Returns the given values which can then be assigned to a variables.</doc>
<msg timestamp="20220816 21:33:20.713" level="INFO">${t_locator} = //div[label[contains(text(), "Email")]]//*[contains(text(), "Email is required")]</msg>
<status status="PASS" starttime="20220816 21:33:20.713" endtime="20220816 21:33:20.713"/>
</kw>
<kw name="Wait Until Element Is Not Visible" library="SeleniumLibrary">
<arg>${t_locator}</arg>
<arg>10s</arg>
<doc>Waits until the element ``locator`` is not visible.</doc>
<status status="PASS" starttime="20220816 21:33:20.713" endtime="20220816 21:33:20.974"/>
</kw>
<status status="PASS" starttime="20220816 21:33:20.712" endtime="20220816 21:33:20.974"/>
</kw>
<kw name="User Inputs Text On Field" library="common_keywords">
<arg>Message</arg>
<arg>test mesaage</arg>
<kw name="Set Variable" library="BuiltIn">
<var>${t_locator}</var>
<arg>//div[label[contains(text(), "${p_fieldName}")]]//input | //div[label[contains(text(), "${p_fieldName}")]]//textarea</arg>
<doc>Returns the given values which can then be assigned to a variables.</doc>
<msg timestamp="20220816 21:33:20.976" level="INFO">${t_locator} = //div[label[contains(text(), "Message")]]//input | //div[label[contains(text(), "Message")]]//textarea</msg>
<status status="PASS" starttime="20220816 21:33:20.976" endtime="20220816 21:33:20.977"/>
</kw>
<kw name="Wait Until Element Is Visible" library="SeleniumLibrary">
<arg>${t_locator}</arg>
<arg>10s</arg>
<doc>Waits until the element ``locator`` is visible.</doc>
<status status="PASS" starttime="20220816 21:33:20.977" endtime="20220816 21:33:21.526"/>
</kw>
<kw name="Input Text" library="SeleniumLibrary">
<arg>${t_locator}</arg>
<arg>${p_text}</arg>
<doc>Types the given ``text`` into the text field identified by ``locator``.</doc>
<msg timestamp="20220816 21:33:21.526" level="INFO">Typing text 'test mesaage' into text field '//div[label[contains(text(), "Message")]]//input | //div[label[contains(text(), "Message")]]//textarea'.</msg>
<status status="PASS" starttime="20220816 21:33:21.526" endtime="20220816 21:33:22.366"/>
</kw>
<status status="PASS" starttime="20220816 21:33:20.975" endtime="20220816 21:33:22.366"/>
</kw>
<kw name="Field Error Message Should Not Be Visible" library="common_keywords">
<arg>Message</arg>
<arg>Message is required</arg>
<kw name="Set Variable" library="BuiltIn">
<var>${t_locator}</var>
<arg>//div[label[contains(text(), "${p_fieldName}")]]//*[contains(text(), "${p_errorMessage}")]</arg>
<doc>Returns the given values which can then be assigned to a variables.</doc>
<msg timestamp="20220816 21:33:22.367" level="INFO">${t_locator} = //div[label[contains(text(), "Message")]]//*[contains(text(), "Message is required")]</msg>
<status status="PASS" starttime="20220816 21:33:22.367" endtime="20220816 21:33:22.367"/>
</kw>
<kw name="Wait Until Element Is Not Visible" library="SeleniumLibrary">
<arg>${t_locator}</arg>
<arg>10s</arg>
<doc>Waits until the element ``locator`` is not visible.</doc>
<status status="PASS" starttime="20220816 21:33:22.367" endtime="20220816 21:33:22.629"/>
</kw>
<status status="PASS" starttime="20220816 21:33:22.366" endtime="20220816 21:33:22.630"/>
</kw>
<kw name="Close Browser" library="SeleniumLibrary" type="TEARDOWN">
<doc>Closes the current browser.</doc>
<status status="PASS" starttime="20220816 21:33:22.630" endtime="20220816 21:33:22.949"/>
</kw>
<tag>ASSESSMENT</tag>
<status status="PASS" starttime="20220816 21:33:06.902" endtime="20220816 21:33:22.949"/>
</test>
<test id="s1-s1-s1-t2" name="Test Case 2" line="27">
<kw name="User Navigates To URL" library="common_keywords">
<arg>${BASE_URL}</arg>
<kw name="Open Browser" library="SeleniumLibrary">
<arg>${BASE_URL}</arg>
<arg>${BROWSER}</arg>
<doc>Opens a new browser instance to the optional ``url``.</doc>
<msg timestamp="20220816 21:33:22.950" level="INFO">Opening browser 'chrome' to base url 'http://jupiter.cloud.planittesting.com'.</msg>
<status status="PASS" starttime="20220816 21:33:22.950" endtime="20220816 21:33:30.525"/>
</kw>
<kw name="Go To" library="SeleniumLibrary">
<arg>${p_url}</arg>
<doc>Navigates the current browser window to the provided ``url``.</doc>
<msg timestamp="20220816 21:33:30.526" level="INFO">Opening url 'http://jupiter.cloud.planittesting.com'</msg>
<status status="PASS" starttime="20220816 21:33:30.525" endtime="20220816 21:33:31.031"/>
</kw>
<kw name="Set Selenium Speed" library="SeleniumLibrary">
<arg>0.25 seconds</arg>
<doc>Sets the delay that is waited after each Selenium command.</doc>
<status status="PASS" starttime="20220816 21:33:31.031" endtime="20220816 21:33:31.032"/>
</kw>
<status status="PASS" starttime="20220816 21:33:22.950" endtime="20220816 21:33:31.033"/>
</kw>
<kw name="User Clicks On Nav Header Text Link" library="common_keywords">
<arg>Contact</arg>
<kw name="Set Variable" library="BuiltIn">
<var>${t_locator}</var>
<arg>//div[contains(@class, "navbar")]//a[contains(text(), "${p_text}")]</arg>
<doc>Returns the given values which can then be assigned to a variables.</doc>
<msg timestamp="20220816 21:33:31.036" level="INFO">${t_locator} = //div[contains(@class, "navbar")]//a[contains(text(), "Contact")]</msg>
<status status="PASS" starttime="20220816 21:33:31.034" endtime="20220816 21:33:31.036"/>
</kw>
<kw name="Wait Until Element Is Visible" library="SeleniumLibrary">
<arg>${t_locator}</arg>
<arg>10s</arg>
<doc>Waits until the element ``locator`` is visible.</doc>
<status status="PASS" starttime="20220816 21:33:31.036" endtime="20220816 21:33:31.701"/>
</kw>
<kw name="Click Element" library="SeleniumLibrary">
<arg>${t_locator}</arg>
<doc>Click the element identified by ``locator``.</doc>
<msg timestamp="20220816 21:33:31.703" level="INFO">Clicking element '//div[contains(@class, "navbar")]//a[contains(text(), "Contact")]'.</msg>
<status status="PASS" starttime="20220816 21:33:31.701" endtime="20220816 21:33:32.374"/>
</kw>
<status status="PASS" starttime="20220816 21:33:31.033" endtime="20220816 21:33:32.374"/>
</kw>
<kw name="User Inputs Text On Field" library="common_keywords">
<arg>Forename</arg>
<arg>Bhong</arg>
<kw name="Set Variable" library="BuiltIn">
<var>${t_locator}</var>
<arg>//div[label[contains(text(), "${p_fieldName}")]]//input | //div[label[contains(text(), "${p_fieldName}")]]//textarea</arg>
<doc>Returns the given values which can then be assigned to a variables.</doc>
<msg timestamp="20220816 21:33:32.374" level="INFO">${t_locator} = //div[label[contains(text(), "Forename")]]//input | //div[label[contains(text(), "Forename")]]//textarea</msg>
<status status="PASS" starttime="20220816 21:33:32.374" endtime="20220816 21:33:32.374"/>
</kw>
<kw name="Wait Until Element Is Visible" library="SeleniumLibrary">
<arg>${t_locator}</arg>
<arg>10s</arg>
<doc>Waits until the element ``locator`` is visible.</doc>
<status status="PASS" starttime="20220816 21:33:32.374" endtime="20220816 21:33:32.928"/>
</kw>
<kw name="Input Text" library="SeleniumLibrary">
<arg>${t_locator}</arg>
<arg>${p_text}</arg>
<doc>Types the given ``text`` into the text field identified by ``locator``.</doc>
<msg timestamp="20220816 21:33:32.930" level="INFO">Typing text 'Bhong' into text field '//div[label[contains(text(), "Forename")]]//input | //div[label[contains(text(), "Forename")]]//textarea'.</msg>
<status status="PASS" starttime="20220816 21:33:32.928" endtime="20220816 21:33:34.097"/>
</kw>
<status status="PASS" starttime="20220816 21:33:32.374" endtime="20220816 21:33:34.097"/>
</kw>
<kw name="User Inputs Text On Field" library="common_keywords">
<arg>Surname</arg>
<arg>Dela Cruz</arg>
<kw name="Set Variable" library="BuiltIn">
<var>${t_locator}</var>
<arg>//div[label[contains(text(), "${p_fieldName}")]]//input | //div[label[contains(text(), "${p_fieldName}")]]//textarea</arg>
<doc>Returns the given values which can then be assigned to a variables.</doc>
<msg timestamp="20220816 21:33:34.099" level="INFO">${t_locator} = //div[label[contains(text(), "Surname")]]//input | //div[label[contains(text(), "Surname")]]//textarea</msg>
<status status="PASS" starttime="20220816 21:33:34.098" endtime="20220816 21:33:34.099"/>
</kw>
<kw name="Wait Until Element Is Visible" library="SeleniumLibrary">
<arg>${t_locator}</arg>
<arg>10s</arg>
<doc>Waits until the element ``locator`` is visible.</doc>
<status status="PASS" starttime="20220816 21:33:34.099" endtime="20220816 21:33:34.656"/>
</kw>
<kw name="Input Text" library="SeleniumLibrary">
<arg>${t_locator}</arg>
<arg>${p_text}</arg>
<doc>Types the given ``text`` into the text field identified by ``locator``.</doc>
<msg timestamp="20220816 21:33:34.658" level="INFO">Typing text 'Dela Cruz' into text field '//div[label[contains(text(), "Surname")]]//input | //div[label[contains(text(), "Surname")]]//textarea'.</msg>
<status status="PASS" starttime="20220816 21:33:34.657" endtime="20220816 21:33:35.495"/>
</kw>
<status status="PASS" starttime="20220816 21:33:34.098" endtime="20220816 21:33:35.495"/>
</kw>
<kw name="User Inputs Text On Field" library="common_keywords">
<arg>Email</arg>
<arg>testemail@mail.com</arg>
<kw name="Set Variable" library="BuiltIn">
<var>${t_locator}</var>
<arg>//div[label[contains(text(), "${p_fieldName}")]]//input | //div[label[contains(text(), "${p_fieldName}")]]//textarea</arg>
<doc>Returns the given values which can then be assigned to a variables.</doc>
<msg timestamp="20220816 21:33:35.495" level="INFO">${t_locator} = //div[label[contains(text(), "Email")]]//input | //div[label[contains(text(), "Email")]]//textarea</msg>
<status status="PASS" starttime="20220816 21:33:35.495" endtime="20220816 21:33:35.495"/>
</kw>
<kw name="Wait Until Element Is Visible" library="SeleniumLibrary">
<arg>${t_locator}</arg>
<arg>10s</arg>
<doc>Waits until the element ``locator`` is visible.</doc>
<status status="PASS" starttime="20220816 21:33:35.496" endtime="20220816 21:33:36.019"/>
</kw>
<kw name="Input Text" library="SeleniumLibrary">
<arg>${t_locator}</arg>
<arg>${p_text}</arg>
<doc>Types the given ``text`` into the text field identified by ``locator``.</doc>
<msg timestamp="20220816 21:33:36.019" level="INFO">Typing text 'testemail@mail.com' into text field '//div[label[contains(text(), "Email")]]//input | //div[label[contains(text(), "Email")]]//textarea'.</msg>
<status status="PASS" starttime="20220816 21:33:36.019" endtime="20220816 21:33:36.896"/>
</kw>
<status status="PASS" starttime="20220816 21:33:35.495" endtime="20220816 21:33:36.897"/>
</kw>
<kw name="User Inputs Text On Field" library="common_keywords">
<arg>Telephone</arg>
<arg>1234567890</arg>
<kw name="Set Variable" library="BuiltIn">
<var>${t_locator}</var>
<arg>//div[label[contains(text(), "${p_fieldName}")]]//input | //div[label[contains(text(), "${p_fieldName}")]]//textarea</arg>
<doc>Returns the given values which can then be assigned to a variables.</doc>
<msg timestamp="20220816 21:33:36.897" level="INFO">${t_locator} = //div[label[contains(text(), "Telephone")]]//input | //div[label[contains(text(), "Telephone")]]//textarea</msg>
<status status="PASS" starttime="20220816 21:33:36.897" endtime="20220816 21:33:36.897"/>
</kw>
<kw name="Wait Until Element Is Visible" library="SeleniumLibrary">
<arg>${t_locator}</arg>
<arg>10s</arg>
<doc>Waits until the element ``locator`` is visible.</doc>
<status status="PASS" starttime="20220816 21:33:36.898" endtime="20220816 21:33:37.439"/>
</kw>
<kw name="Input Text" library="SeleniumLibrary">
<arg>${t_locator}</arg>
<arg>${p_text}</arg>
<doc>Types the given ``text`` into the text field identified by ``locator``.</doc>
<msg timestamp="20220816 21:33:37.441" level="INFO">Typing text '1234567890' into text field '//div[label[contains(text(), "Telephone")]]//input | //div[label[contains(text(), "Telephone")]]//textarea'.</msg>
<status status="PASS" starttime="20220816 21:33:37.440" endtime="20220816 21:33:38.341"/>
</kw>
<status status="PASS" starttime="20220816 21:33:36.897" endtime="20220816 21:33:38.341"/>
</kw>
<kw name="User Inputs Text On Field" library="common_keywords">
<arg>Message</arg>
<arg>test mesaage</arg>
<kw name="Set Variable" library="BuiltIn">
<var>${t_locator}</var>
<arg>//div[label[contains(text(), "${p_fieldName}")]]//input | //div[label[contains(text(), "${p_fieldName}")]]//textarea</arg>
<doc>Returns the given values which can then be assigned to a variables.</doc>
<msg timestamp="20220816 21:33:38.342" level="INFO">${t_locator} = //div[label[contains(text(), "Message")]]//input | //div[label[contains(text(), "Message")]]//textarea</msg>
<status status="PASS" starttime="20220816 21:33:38.342" endtime="20220816 21:33:38.342"/>
</kw>
<kw name="Wait Until Element Is Visible" library="SeleniumLibrary">
<arg>${t_locator}</arg>
<arg>10s</arg>
<doc>Waits until the element ``locator`` is visible.</doc>
<status status="PASS" starttime="20220816 21:33:38.342" endtime="20220816 21:33:38.886"/>
</kw>
<kw name="Input Text" library="SeleniumLibrary">
<arg>${t_locator}</arg>
<arg>${p_text}</arg>
<doc>Types the given ``text`` into the text field identified by ``locator``.</doc>
<msg timestamp="20220816 21:33:38.888" level="INFO">Typing text 'test mesaage' into text field '//div[label[contains(text(), "Message")]]//input | //div[label[contains(text(), "Message")]]//textarea'.</msg>
<status status="PASS" starttime="20220816 21:33:38.886" endtime="20220816 21:33:39.780"/>
</kw>
<status status="PASS" starttime="20220816 21:33:38.341" endtime="20220816 21:33:39.780"/>
</kw>
<kw name="User Clicks On Button" library="common_keywords">
<arg>Submit</arg>
<kw name="Set Variable" library="BuiltIn">
<var>${t_locator}</var>
<arg>//*[contains(@class,"btn")][contains(text(), "${p_button}")]</arg>
<doc>Returns the given values which can then be assigned to a variables.</doc>
<msg timestamp="20220816 21:33:39.780" level="INFO">${t_locator} = //*[contains(@class,"btn")][contains(text(), "Submit")]</msg>
<status status="PASS" starttime="20220816 21:33:39.780" endtime="20220816 21:33:39.780"/>
</kw>
<kw name="Wait Until Element Is Visible" library="SeleniumLibrary">
<arg>${t_locator}</arg>
<arg>10s</arg>
<doc>Waits until the element ``locator`` is visible.</doc>
<status status="PASS" starttime="20220816 21:33:39.780" endtime="20220816 21:33:40.314"/>
</kw>
<kw name="Click Element" library="SeleniumLibrary">
<arg>${t_locator}</arg>
<doc>Click the element identified by ``locator``.</doc>
<msg timestamp="20220816 21:33:40.316" level="INFO">Clicking element '//*[contains(@class,"btn")][contains(text(), "Submit")]'.</msg>
<status status="PASS" starttime="20220816 21:33:40.314" endtime="20220816 21:33:41.004"/>
</kw>
<status status="PASS" starttime="20220816 21:33:39.780" endtime="20220816 21:33:41.004"/>
</kw>
<kw name="Wait Until Page Contains" library="SeleniumLibrary">
<arg>Thanks Bhong, we appreciate your feedback.</arg>
<arg>30s</arg>
<doc>Waits until ``text`` appears on the current page.</doc>
<status status="PASS" starttime="20220816 21:33:41.004" endtime="20220816 21:33:43.154"/>
</kw>
<kw name="Close Browser" library="SeleniumLibrary" type="TEARDOWN">
<doc>Closes the current browser.</doc>
<status status="PASS" starttime="20220816 21:33:43.155" endtime="20220816 21:33:43.470"/>
</kw>
<tag>ASSESSMENT</tag>
<status status="PASS" starttime="20220816 21:33:22.950" endtime="20220816 21:33:43.470"/>
</test>
<test id="s1-s1-s1-t3" name="Test Case 3" line="39">
<kw name="User Navigates To URL" library="common_keywords">
<arg>${BASE_URL}</arg>
<kw name="Open Browser" library="SeleniumLibrary">
<arg>${BASE_URL}</arg>
<arg>${BROWSER}</arg>
<doc>Opens a new browser instance to the optional ``url``.</doc>
<msg timestamp="20220816 21:33:43.471" level="INFO">Opening browser 'chrome' to base url 'http://jupiter.cloud.planittesting.com'.</msg>
<status status="PASS" starttime="20220816 21:33:43.471" endtime="20220816 21:33:47.913"/>
</kw>
<kw name="Go To" library="SeleniumLibrary">
<arg>${p_url}</arg>
<doc>Navigates the current browser window to the provided ``url``.</doc>
<msg timestamp="20220816 21:33:47.914" level="INFO">Opening url 'http://jupiter.cloud.planittesting.com'</msg>
<status status="PASS" starttime="20220816 21:33:47.914" endtime="20220816 21:33:48.418"/>
</kw>
<kw name="Set Selenium Speed" library="SeleniumLibrary">
<arg>0.25 seconds</arg>
<doc>Sets the delay that is waited after each Selenium command.</doc>
<status status="PASS" starttime="20220816 21:33:48.418" endtime="20220816 21:33:48.419"/>
</kw>
<status status="PASS" starttime="20220816 21:33:43.471" endtime="20220816 21:33:48.419"/>
</kw>
<kw name="User Clicks On Nav Header Text Link" library="common_keywords">
<arg>Home</arg>
<kw name="Set Variable" library="BuiltIn">
<var>${t_locator}</var>
<arg>//div[contains(@class, "navbar")]//a[contains(text(), "${p_text}")]</arg>
<doc>Returns the given values which can then be assigned to a variables.</doc>
<msg timestamp="20220816 21:33:48.420" level="INFO">${t_locator} = //div[contains(@class, "navbar")]//a[contains(text(), "Home")]</msg>
<status status="PASS" starttime="20220816 21:33:48.420" endtime="20220816 21:33:48.420"/>
</kw>
<kw name="Wait Until Element Is Visible" library="SeleniumLibrary">
<arg>${t_locator}</arg>
<arg>10s</arg>
<doc>Waits until the element ``locator`` is visible.</doc>
<status status="PASS" starttime="20220816 21:33:48.420" endtime="20220816 21:33:49.090"/>
</kw>
<kw name="Click Element" library="SeleniumLibrary">
<arg>${t_locator}</arg>
<doc>Click the element identified by ``locator``.</doc>
<msg timestamp="20220816 21:33:49.092" level="INFO">Clicking element '//div[contains(@class, "navbar")]//a[contains(text(), "Home")]'.</msg>
<status status="PASS" starttime="20220816 21:33:49.091" endtime="20220816 21:33:49.807"/>
</kw>
<status status="PASS" starttime="20220816 21:33:48.419" endtime="20220816 21:33:49.808"/>
</kw>
<kw name="User Clicks On Button" library="common_keywords">
<arg>Start Shopping</arg>
<kw name="Set Variable" library="BuiltIn">
<var>${t_locator}</var>
<arg>//*[contains(@class,"btn")][contains(text(), "${p_button}")]</arg>
<doc>Returns the given values which can then be assigned to a variables.</doc>
<msg timestamp="20220816 21:33:49.810" level="INFO">${t_locator} = //*[contains(@class,"btn")][contains(text(), "Start Shopping")]</msg>
<status status="PASS" starttime="20220816 21:33:49.809" endtime="20220816 21:33:49.810"/>
</kw>
<kw name="Wait Until Element Is Visible" library="SeleniumLibrary">
<arg>${t_locator}</arg>
<arg>10s</arg>
<doc>Waits until the element ``locator`` is visible.</doc>
<status status="PASS" starttime="20220816 21:33:49.810" endtime="20220816 21:33:50.367"/>
</kw>
<kw name="Click Element" library="SeleniumLibrary">
<arg>${t_locator}</arg>
<doc>Click the element identified by ``locator``.</doc>
<msg timestamp="20220816 21:33:50.369" level="INFO">Clicking element '//*[contains(@class,"btn")][contains(text(), "Start Shopping")]'.</msg>
<status status="PASS" starttime="20220816 21:33:50.368" endtime="20220816 21:33:51.000"/>
</kw>
<status status="PASS" starttime="20220816 21:33:49.808" endtime="20220816 21:33:51.000"/>
</kw>
<kw name="User Clicks On Item Buy Button" library="common_keywords">
<arg>Funny Cow</arg>
<arg>2</arg>
<kw name="Set Variable" library="BuiltIn">
<var>${t_locator}</var>
<arg>//div[h4[contains(text(), "${p_itemName}")]]//a[contains(text(), "Buy")]</arg>
<doc>Returns the given values which can then be assigned to a variables.</doc>
<msg timestamp="20220816 21:33:51.001" level="INFO">${t_locator} = //div[h4[contains(text(), "Funny Cow")]]//a[contains(text(), "Buy")]</msg>
<status status="PASS" starttime="20220816 21:33:51.001" endtime="20220816 21:33:51.001"/>
</kw>
<kw name="Wait Until Element Is Visible" library="SeleniumLibrary">
<arg>${t_locator}</arg>
<arg>10s</arg>
<doc>Waits until the element ``locator`` is visible.</doc>
<status status="PASS" starttime="20220816 21:33:51.001" endtime="20220816 21:33:51.549"/>
</kw>
<kw name="Repeat Keyword" library="BuiltIn">
<arg>${p_times}</arg>
<arg>Click Element</arg>
<arg>${t_locator}</arg>
<doc>Executes the specified keyword multiple times.</doc>
<msg timestamp="20220816 21:33:51.550" level="INFO">Repeating keyword, round 1/2.</msg>
<kw name="Click Element" library="SeleniumLibrary">
<arg>${t_locator}</arg>
<doc>Click the element identified by ``locator``.</doc>
<msg timestamp="20220816 21:33:51.550" level="INFO">Clicking element '//div[h4[contains(text(), "Funny Cow")]]//a[contains(text(), "Buy")]'.</msg>
<status status="PASS" starttime="20220816 21:33:51.550" endtime="20220816 21:33:52.156"/>
</kw>
<msg timestamp="20220816 21:33:52.156" level="INFO">Repeating keyword, round 2/2.</msg>
<kw name="Click Element" library="SeleniumLibrary">
<arg>${t_locator}</arg>
<doc>Click the element identified by ``locator``.</doc>
<msg timestamp="20220816 21:33:52.157" level="INFO">Clicking element '//div[h4[contains(text(), "Funny Cow")]]//a[contains(text(), "Buy")]'.</msg>
<status status="PASS" starttime="20220816 21:33:52.156" endtime="20220816 21:33:52.730"/>
</kw>
<status status="PASS" starttime="20220816 21:33:51.549" endtime="20220816 21:33:52.731"/>
</kw>
<status status="PASS" starttime="20220816 21:33:51.001" endtime="20220816 21:33:52.731"/>
</kw>
<kw name="User Clicks On Item Buy Button" library="common_keywords">
<arg>Fluffy Bunny</arg>
<arg>1</arg>
<kw name="Set Variable" library="BuiltIn">
<var>${t_locator}</var>
<arg>//div[h4[contains(text(), "${p_itemName}")]]//a[contains(text(), "Buy")]</arg>
<doc>Returns the given values which can then be assigned to a variables.</doc>
<msg timestamp="20220816 21:33:52.734" level="INFO">${t_locator} = //div[h4[contains(text(), "Fluffy Bunny")]]//a[contains(text(), "Buy")]</msg>
<status status="PASS" starttime="20220816 21:33:52.733" endtime="20220816 21:33:52.734"/>
</kw>
<kw name="Wait Until Element Is Visible" library="SeleniumLibrary">
<arg>${t_locator}</arg>
<arg>10s</arg>
<doc>Waits until the element ``locator`` is visible.</doc>
<status status="PASS" starttime="20220816 21:33:52.734" endtime="20220816 21:33:53.280"/>
</kw>
<kw name="Repeat Keyword" library="BuiltIn">
<arg>${p_times}</arg>
<arg>Click Element</arg>
<arg>${t_locator}</arg>
<doc>Executes the specified keyword multiple times.</doc>
<msg timestamp="20220816 21:33:53.281" level="INFO">Repeating keyword, round 1/1.</msg>
<kw name="Click Element" library="SeleniumLibrary">
<arg>${t_locator}</arg>
<doc>Click the element identified by ``locator``.</doc>
<msg timestamp="20220816 21:33:53.282" level="INFO">Clicking element '//div[h4[contains(text(), "Fluffy Bunny")]]//a[contains(text(), "Buy")]'.</msg>
<status status="PASS" starttime="20220816 21:33:53.282" endtime="20220816 21:33:53.857"/>
</kw>
<status status="PASS" starttime="20220816 21:33:53.281" endtime="20220816 21:33:53.857"/>
</kw>
<status status="PASS" starttime="20220816 21:33:52.731" endtime="20220816 21:33:53.858"/>
</kw>
<kw name="User Clicks On Nav Header Text Link" library="common_keywords">
<arg>Cart</arg>
<kw name="Set Variable" library="BuiltIn">
<var>${t_locator}</var>
<arg>//div[contains(@class, "navbar")]//a[contains(text(), "${p_text}")]</arg>
<doc>Returns the given values which can then be assigned to a variables.</doc>
<msg timestamp="20220816 21:33:53.859" level="INFO">${t_locator} = //div[contains(@class, "navbar")]//a[contains(text(), "Cart")]</msg>
<status status="PASS" starttime="20220816 21:33:53.859" endtime="20220816 21:33:53.859"/>
</kw>
<kw name="Wait Until Element Is Visible" library="SeleniumLibrary">
<arg>${t_locator}</arg>
<arg>10s</arg>
<doc>Waits until the element ``locator`` is visible.</doc>
<status status="PASS" starttime="20220816 21:33:53.859" endtime="20220816 21:33:54.407"/>
</kw>
<kw name="Click Element" library="SeleniumLibrary">
<arg>${t_locator}</arg>
<doc>Click the element identified by ``locator``.</doc>
<msg timestamp="20220816 21:33:54.408" level="INFO">Clicking element '//div[contains(@class, "navbar")]//a[contains(text(), "Cart")]'.</msg>
<status status="PASS" starttime="20220816 21:33:54.407" endtime="20220816 21:33:54.995"/>
</kw>
<status status="PASS" starttime="20220816 21:33:53.858" endtime="20220816 21:33:54.995"/>
</kw>
<kw name="The Item Quantity Should Be" library="common_keywords">
<arg>Funny Cow</arg>
<arg>2</arg>
<kw name="Set Variable" library="BuiltIn">
<var>${t_locator}</var>
<arg>//tr[contains(string(), "${p_itemName}")]//input[@value=${p_quantity}]</arg>
<doc>Returns the given values which can then be assigned to a variables.</doc>
<msg timestamp="20220816 21:33:54.995" level="INFO">${t_locator} = //tr[contains(string(), "Funny Cow")]//input[@value=2]</msg>
<status status="PASS" starttime="20220816 21:33:54.995" endtime="20220816 21:33:54.995"/>
</kw>
<kw name="Wait Until Element Is Visible" library="SeleniumLibrary">
<arg>${t_locator}</arg>
<arg>10s</arg>
<doc>Waits until the element ``locator`` is visible.</doc>
<status status="PASS" starttime="20220816 21:33:54.995" endtime="20220816 21:33:55.573"/>
</kw>
<status status="PASS" starttime="20220816 21:33:54.995" endtime="20220816 21:33:55.573"/>
</kw>
<kw name="The Item Quantity Should Be" library="common_keywords">
<arg>Fluffy Bunny</arg>
<arg>1</arg>
<kw name="Set Variable" library="BuiltIn">
<var>${t_locator}</var>
<arg>//tr[contains(string(), "${p_itemName}")]//input[@value=${p_quantity}]</arg>
<doc>Returns the given values which can then be assigned to a variables.</doc>
<msg timestamp="20220816 21:33:55.573" level="INFO">${t_locator} = //tr[contains(string(), "Fluffy Bunny")]//input[@value=1]</msg>
<status status="PASS" starttime="20220816 21:33:55.573" endtime="20220816 21:33:55.573"/>
</kw>
<kw name="Wait Until Element Is Visible" library="SeleniumLibrary">
<arg>${t_locator}</arg>
<arg>10s</arg>
<doc>Waits until the element ``locator`` is visible.</doc>
<status status="PASS" starttime="20220816 21:33:55.573" endtime="20220816 21:33:56.104"/>
</kw>
<status status="PASS" starttime="20220816 21:33:55.573" endtime="20220816 21:33:56.104"/>
</kw>
<kw name="Close Browser" library="SeleniumLibrary" type="TEARDOWN">
<doc>Closes the current browser.</doc>
<status status="PASS" starttime="20220816 21:33:56.104" endtime="20220816 21:33:56.516"/>
</kw>
<tag>ASSESSMENT</tag>
<status status="PASS" starttime="20220816 21:33:43.470" endtime="20220816 21:33:56.516"/>
</test>
<doc>A test suite with a single test for valid login.

This test has a workflow that is created using keywords in
the imported resource file.</doc>
<status status="PASS" starttime="20220816 21:33:06.820" endtime="20220816 21:33:56.517"/>
</suite>
<status status="PASS" starttime="20220816 21:33:06.819" endtime="20220816 21:33:56.520"/>
</suite>
<status status="PASS" starttime="20220816 21:33:06.811" endtime="20220816 21:33:56.521"/>
</suite>
<statistics>
<total>
<stat pass="3" fail="0" skip="0">All Tests</stat>
</total>
<tag>
<stat pass="3" fail="0" skip="0">ASSESSMENT</stat>
</tag>
<suite>
<stat pass="3" fail="0" skip="0" id="s1" name="PlanItTest">PlanItTest</stat>
<stat pass="3" fail="0" skip="0" id="s1-s1" name="Suite">PlanItTest.Suite</stat>
<stat pass="3" fail="0" skip="0" id="s1-s1-s1" name="PlanitTechnicalAssessment">PlanItTest.Suite.PlanitTechnicalAssessment</stat>
</suite>
</statistics>
<errors>
</errors>
</robot>
